<?xml version="1.0" encoding="UTF-8"?>
<!-- Generated by org.testng.reporters.JUnitReportReporter -->
<testsuite hostname="DESKTOP-4NDGSTU" name="Login.TestLogin" tests="2" failures="0" timestamp="31 Jan 2018 05:53:19 GMT" time="0.015" errors="0">
  <testcase name="InValidUser" time="0.001" classname="Login.TestLogin"/>
  <testcase name="ValidUser" time="0.014" classname="Login.TestLogin"/>
</testsuite> <!-- Login.TestLogin -->
