<?xml version="1.0" encoding="UTF-8"?>
<!-- Generated by org.testng.reporters.JUnitReportReporter -->
<testsuite hostname="DESKTOP-4NDGSTU" name="Login.TestLogin" tests="3" failures="0" timestamp="31 Jan 2018 06:07:13 GMT" time="0.014" errors="0">
  <testcase name="InValidUser" time="0.005" classname="Login.TestLogin"/>
  <testcase name="ValidUser" time="0.009" classname="Login.TestLogin"/>
  <testcase name="click" time="0.000" classname="Login.TestLogin"/>
</testsuite> <!-- Login.TestLogin -->
